# JRE version: Java(TM) SE Runtime Environment (8.0_92-b14) (build 1.8.0_92-b14)
# Java VM: Java HotSpot(TM) 64-Bit Server VM (25.92-b14 mixed mode windows-amd64 compressed oops)
Heap:
 PSYoungGen      total 495104K, used 434777K [0x00000000d5e00000, 0x0000000100000000, 0x0000000100000000)
  eden space 397312K, 84% used [0x00000000d5e00000,0x00000000ea71e320,0x00000000ee200000)
  from space 97792K, 99% used [0x00000000f8d00000,0x00000000fec78340,0x00000000fec80000)
  to   space 146432K, 0% used [0x00000000ee200000,0x00000000ee200000,0x00000000f7100000)
 ParOldGen       total 328704K, used 103019K [0x0000000081a00000, 0x0000000095b00000, 0x00000000d5e00000)
  object space 328704K, 31% used [0x0000000081a00000,0x0000000087e9ac08,0x0000000095b00000)
 Metaspace       used 65786K, capacity 68954K, committed 69116K, reserved 1110016K
  class space    used 8657K, capacity 9200K, committed 9212K, reserved 1048576K
GC Heap History (10 events):
Event: 71.148 GC heap before
{Heap before GC invocations=14 (full 3):
 PSYoungGen      total 371200K, used 18429K [0x00000000d5e00000, 0x00000000fdd00000, 0x0000000100000000)
  eden space 352768K, 0% used [0x00000000d5e00000,0x00000000d5e00000,0x00000000eb680000)
  from space 18432K, 99% used [0x00000000eb680000,0x00000000ec87f6b0,0x00000000ec880000)
  to   space 84992K, 0% used [0x00000000f8a00000,0x00000000f8a00000,0x00000000fdd00000)
 ParOldGen       total 200192K, used 199341K [0x0000000081a00000, 0x000000008dd80000, 0x00000000d5e00000)
  object space 200192K, 99% used [0x0000000081a00000,0x000000008dcab600,0x000000008dd80000)
 Metaspace       used 51449K, capacity 53318K, committed 53628K, reserved 1095680K
  class space    used 6926K, capacity 7285K, committed 7292K, reserved 1048576K
Event: 72.079 GC heap after
Heap after GC invocations=14 (full 3):
 PSYoungGen      total 371200K, used 1531K [0x00000000d5e00000, 0x00000000fdd00000, 0x0000000100000000)
  eden space 352768K, 0% used [0x00000000d5e00000,0x00000000d5e00000,0x00000000eb680000)
  from space 18432K, 8% used [0x00000000eb680000,0x00000000eb7fef70,0x00000000ec880000)
  to   space 84992K, 0% used [0x00000000f8a00000,0x00000000f8a00000,0x00000000fdd00000)
 ParOldGen       total 328704K, used 199737K [0x0000000081a00000, 0x0000000095b00000, 0x00000000d5e00000)
  object space 328704K, 60% used [0x0000000081a00000,0x000000008dd0e448,0x0000000095b00000)
 Metaspace       used 51449K, capacity 53318K, committed 53628K, reserved 1095680K
  class space    used 6926K, capacity 7285K, committed 7292K, reserved 1048576K
}
Event: 302.288 GC heap before
{Heap before GC invocations=15 (full 3):
 PSYoungGen      total 371200K, used 354299K [0x00000000d5e00000, 0x00000000fdd00000, 0x0000000100000000)
  eden space 352768K, 100% used [0x00000000d5e00000,0x00000000eb680000,0x00000000eb680000)
  from space 18432K, 8% used [0x00000000eb680000,0x00000000eb7fef70,0x00000000ec880000)
  to   space 84992K, 0% used [0x00000000f8a00000,0x00000000f8a00000,0x00000000fdd00000)
 ParOldGen       total 328704K, used 199737K [0x0000000081a00000, 0x0000000095b00000, 0x00000000d5e00000)
  object space 328704K, 60% used [0x0000000081a00000,0x000000008dd0e448,0x0000000095b00000)
 Metaspace       used 64257K, capacity 67214K, committed 67324K, reserved 1107968K
  class space    used 8598K, capacity 9115K, committed 9212K, reserved 1048576K
Event: 302.569 GC heap after
Heap after GC invocations=15 (full 3):
 PSYoungGen      total 555008K, used 80979K [0x00000000d5e00000, 0x00000000fef80000, 0x0000000100000000)
  eden space 470016K, 0% used [0x00000000d5e00000,0x00000000d5e00000,0x00000000f2900000)
  from space 84992K, 95% used [0x00000000f8a00000,0x00000000fd914e10,0x00000000fdd00000)
  to   space 99328K, 0% used [0x00000000f2900000,0x00000000f2900000,0x00000000f8a00000)
 ParOldGen       total 328704K, used 201289K [0x0000000081a00000, 0x0000000095b00000, 0x00000000d5e00000)
  object space 328704K, 61% used [0x0000000081a00000,0x000000008de92448,0x0000000095b00000)
 Metaspace       used 64257K, capacity 67214K, committed 67324K, reserved 1107968K
  class space    used 8598K, capacity 9115K, committed 9212K, reserved 1048576K
}
Event: 302.806 GC heap before
{Heap before GC invocations=16 (full 3):
 PSYoungGen      total 555008K, used 119564K [0x00000000d5e00000, 0x00000000fef80000, 0x0000000100000000)
  eden space 470016K, 8% used [0x00000000d5e00000,0x00000000d83ae478,0x00000000f2900000)
  from space 84992K, 95% used [0x00000000f8a00000,0x00000000fd914e10,0x00000000fdd00000)
  to   space 99328K, 0% used [0x00000000f2900000,0x00000000f2900000,0x00000000f8a00000)
 ParOldGen       total 328704K, used 201289K [0x0000000081a00000, 0x0000000095b00000, 0x00000000d5e00000)
  object space 328704K, 61% used [0x0000000081a00000,0x000000008de92448,0x0000000095b00000)
 Metaspace       used 64281K, capacity 67294K, committed 67580K, reserved 1107968K
  class space    used 8602K, capacity 9120K, committed 9212K, reserved 1048576K
Event: 302.931 GC heap after
Heap after GC invocations=16 (full 3):
 PSYoungGen      total 569344K, used 160K [0x00000000d5e00000, 0x00000000fec80000, 0x0000000100000000)
  eden space 470016K, 0% used [0x00000000d5e00000,0x00000000d5e00000,0x00000000f2900000)
  from space 99328K, 0% used [0x00000000f2900000,0x00000000f2928000,0x00000000f8a00000)
  to   space 97792K, 0% used [0x00000000f8d00000,0x00000000f8d00000,0x00000000fec80000)
 ParOldGen       total 328704K, used 273664K [0x0000000081a00000, 0x0000000095b00000, 0x00000000d5e00000)
  object space 328704K, 83% used [0x0000000081a00000,0x00000000925400e0,0x0000000095b00000)
 Metaspace       used 64281K, capacity 67294K, committed 67580K, reserved 1107968K
  class space    used 8602K, capacity 9120K, committed 9212K, reserved 1048576K
}
Event: 302.931 GC heap before
{Heap before GC invocations=17 (full 4):
 PSYoungGen      total 569344K, used 160K [0x00000000d5e00000, 0x00000000fec80000, 0x0000000100000000)
  eden space 470016K, 0% used [0x00000000d5e00000,0x00000000d5e00000,0x00000000f2900000)
  from space 99328K, 0% used [0x00000000f2900000,0x00000000f2928000,0x00000000f8a00000)
  to   space 97792K, 0% used [0x00000000f8d00000,0x00000000f8d00000,0x00000000fec80000)
 ParOldGen       total 328704K, used 273664K [0x0000000081a00000, 0x0000000095b00000, 0x00000000d5e00000)
  object space 328704K, 83% used [0x0000000081a00000,0x00000000925400e0,0x0000000095b00000)
 Metaspace       used 64281K, capacity 67294K, committed 67580K, reserved 1107968K
  class space    used 8602K, capacity 9120K, committed 9212K, reserved 1048576K
Event: 303.167 GC heap after
Heap after GC invocations=17 (full 4):
 PSYoungGen      total 569344K, used 0K [0x00000000d5e00000, 0x00000000fec80000, 0x0000000100000000)
  eden space 470016K, 0% used [0x00000000d5e00000,0x00000000d5e00000,0x00000000f2900000)
  from space 99328K, 0% used [0x00000000f2900000,0x00000000f2900000,0x00000000f8a00000)
  to   space 97792K, 0% used [0x00000000f8d00000,0x00000000f8d00000,0x00000000fec80000)
 ParOldGen       total 328704K, used 22552K [0x0000000081a00000, 0x0000000095b00000, 0x00000000d5e00000)
  object space 328704K, 6% used [0x0000000081a00000,0x0000000083006020,0x0000000095b00000)
 Metaspace       used 64270K, capacity 67276K, committed 67580K, reserved 1107968K
  class space    used 8600K, capacity 9117K, committed 9212K, reserved 1048576K
}
Event: 363.445 GC heap before
{Heap before GC invocations=18 (full 4):
 PSYoungGen      total 569344K, used 470016K [0x00000000d5e00000, 0x00000000fec80000, 0x0000000100000000)
  eden space 470016K, 100% used [0x00000000d5e00000,0x00000000f2900000,0x00000000f2900000)
  from space 99328K, 0% used [0x00000000f2900000,0x00000000f2900000,0x00000000f8a00000)
  to   space 97792K, 0% used [0x00000000f8d00000,0x00000000f8d00000,0x00000000fec80000)
 ParOldGen       total 328704K, used 22552K [0x0000000081a00000, 0x0000000095b00000, 0x00000000d5e00000)
  object space 328704K, 6% used [0x0000000081a00000,0x0000000083006020,0x0000000095b00000)
 Metaspace       used 64986K, capacity 68016K, committed 68092K, reserved 1107968K
  class space    used 8624K, capacity 9161K, committed 9212K, reserved 1048576K
Event: 363.612 GC heap after
Heap after GC invocations=18 (full 4):
 PSYoungGen      total 495104K, used 97760K [0x00000000d5e00000, 0x0000000100000000, 0x0000000100000000)
  eden space 397312K, 0% used [0x00000000d5e00000,0x00000000d5e00000,0x00000000ee200000)
  from space 97792K, 99% used [0x00000000f8d00000,0x00000000fec78340,0x00000000fec80000)
  to   space 146432K, 0% used [0x00000000ee200000,0x00000000ee200000,0x00000000f7100000)
 ParOldGen       total 328704K, used 103019K [0x0000000081a00000, 0x0000000095b00000, 0x00000000d5e00000)
  object space 328704K, 31% used [0x0000000081a00000,0x0000000087e9ac08,0x0000000095b00000)
 Metaspace       used 64986K, capacity 68016K, committed 68092K, reserved 1107968K
  class space    used 8624K, capacity 9161K, committed 9212K, reserved 1048576K
}

