# JRE version: Java(TM) SE Runtime Environment (8.0_92-b14) (build 1.8.0_92-b14)
# Java VM: Java HotSpot(TM) 64-Bit Server VM (25.92-b14 mixed mode windows-amd64 compressed oops)
Heap:
 PSYoungGen      total 421376K, used 52330K [0x00000000d5e00000, 0x00000000f5800000, 0x0000000100000000)
  eden space 333312K, 15% used [0x00000000d5e00000,0x00000000d911aa40,0x00000000ea380000)
  from space 88064K, 0% used [0x00000000ea380000,0x00000000ea380000,0x00000000ef980000)
  to   space 81920K, 0% used [0x00000000ef980000,0x00000000ef980000,0x00000000f4980000)
 ParOldGen       total 188928K, used 25190K [0x0000000081a00000, 0x000000008d280000, 0x00000000d5e00000)
  object space 188928K, 13% used [0x0000000081a00000,0x00000000832999a0,0x000000008d280000)
 Metaspace       used 64321K, capacity 67402K, committed 67544K, reserved 1107968K
  class space    used 8602K, capacity 9158K, committed 9216K, reserved 1048576K
GC Heap History (10 events):
Event: 68.939 GC heap before
{Heap before GC invocations=14 (full 3):
 PSYoungGen      total 266752K, used 260576K [0x00000000d5e00000, 0x00000000edd80000, 0x0000000100000000)
  eden space 251392K, 100% used [0x00000000d5e00000,0x00000000e5380000,0x00000000e5380000)
  from space 15360K, 59% used [0x00000000e8980000,0x00000000e92780a8,0x00000000e9880000)
  to   space 55296K, 0% used [0x00000000e5380000,0x00000000e5380000,0x00000000e8980000)
 ParOldGen       total 239616K, used 119441K [0x0000000081a00000, 0x0000000090400000, 0x00000000d5e00000)
  object space 239616K, 49% used [0x0000000081a00000,0x0000000088ea4620,0x0000000090400000)
 Metaspace       used 51450K, capacity 53278K, committed 53720K, reserved 1095680K
  class space    used 6930K, capacity 7317K, committed 7424K, reserved 1048576K
Event: 69.053 GC heap after
Heap after GC invocations=14 (full 3):
 PSYoungGen      total 306688K, used 55294K [0x00000000d5e00000, 0x00000000f4980000, 0x0000000100000000)
  eden space 251392K, 0% used [0x00000000d5e00000,0x00000000d5e00000,0x00000000e5380000)
  from space 55296K, 99% used [0x00000000e5380000,0x00000000e897fb58,0x00000000e8980000)
  to   space 81920K, 0% used [0x00000000ef980000,0x00000000ef980000,0x00000000f4980000)
 ParOldGen       total 239616K, used 165321K [0x0000000081a00000, 0x0000000090400000, 0x00000000d5e00000)
  object space 239616K, 68% used [0x0000000081a00000,0x000000008bb72620,0x0000000090400000)
 Metaspace       used 51450K, capacity 53278K, committed 53720K, reserved 1095680K
  class space    used 6930K, capacity 7317K, committed 7424K, reserved 1048576K
}
Event: 71.742 GC heap before
{Heap before GC invocations=15 (full 3):
 PSYoungGen      total 306688K, used 306686K [0x00000000d5e00000, 0x00000000f4980000, 0x0000000100000000)
  eden space 251392K, 100% used [0x00000000d5e00000,0x00000000e5380000,0x00000000e5380000)
  from space 55296K, 99% used [0x00000000e5380000,0x00000000e897fb58,0x00000000e8980000)
  to   space 81920K, 0% used [0x00000000ef980000,0x00000000ef980000,0x00000000f4980000)
 ParOldGen       total 239616K, used 165321K [0x0000000081a00000, 0x0000000090400000, 0x00000000d5e00000)
  object space 239616K, 68% used [0x0000000081a00000,0x000000008bb72620,0x0000000090400000)
 Metaspace       used 60206K, capacity 62992K, committed 63192K, reserved 1103872K
  class space    used 8104K, capacity 8584K, committed 8704K, reserved 1048576K
Event: 71.856 GC heap after
Heap after GC invocations=15 (full 3):
 PSYoungGen      total 415232K, used 57888K [0x00000000d5e00000, 0x00000000f5800000, 0x0000000100000000)
  eden space 333312K, 0% used [0x00000000d5e00000,0x00000000d5e00000,0x00000000ea380000)
  from space 81920K, 70% used [0x00000000ef980000,0x00000000f32083e0,0x00000000f4980000)
  to   space 88064K, 0% used [0x00000000ea380000,0x00000000ea380000,0x00000000ef980000)
 ParOldGen       total 239616K, used 220799K [0x0000000081a00000, 0x0000000090400000, 0x00000000d5e00000)
  object space 239616K, 92% used [0x0000000081a00000,0x000000008f19fe18,0x0000000090400000)
 Metaspace       used 60206K, capacity 62992K, committed 63192K, reserved 1103872K
  class space    used 8104K, capacity 8584K, committed 8704K, reserved 1048576K
}
Event: 71.856 GC heap before
{Heap before GC invocations=16 (full 4):
 PSYoungGen      total 415232K, used 57888K [0x00000000d5e00000, 0x00000000f5800000, 0x0000000100000000)
  eden space 333312K, 0% used [0x00000000d5e00000,0x00000000d5e00000,0x00000000ea380000)
  from space 81920K, 70% used [0x00000000ef980000,0x00000000f32083e0,0x00000000f4980000)
  to   space 88064K, 0% used [0x00000000ea380000,0x00000000ea380000,0x00000000ef980000)
 ParOldGen       total 239616K, used 220799K [0x0000000081a00000, 0x0000000090400000, 0x00000000d5e00000)
  object space 239616K, 92% used [0x0000000081a00000,0x000000008f19fe18,0x0000000090400000)
 Metaspace       used 60206K, capacity 62992K, committed 63192K, reserved 1103872K
  class space    used 8104K, capacity 8584K, committed 8704K, reserved 1048576K
Event: 71.952 GC heap after
Heap after GC invocations=16 (full 4):
 PSYoungGen      total 415232K, used 0K [0x00000000d5e00000, 0x00000000f5800000, 0x0000000100000000)
  eden space 333312K, 0% used [0x00000000d5e00000,0x00000000d5e00000,0x00000000ea380000)
  from space 81920K, 0% used [0x00000000ef980000,0x00000000ef980000,0x00000000f4980000)
  to   space 88064K, 0% used [0x00000000ea380000,0x00000000ea380000,0x00000000ef980000)
 ParOldGen       total 188928K, used 27794K [0x0000000081a00000, 0x000000008d280000, 0x00000000d5e00000)
  object space 188928K, 14% used [0x0000000081a00000,0x0000000083524808,0x000000008d280000)
 Metaspace       used 60195K, capacity 62974K, committed 63192K, reserved 1103872K
  class space    used 8102K, capacity 8581K, committed 8704K, reserved 1048576K
}
Event: 205.463 GC heap before
{Heap before GC invocations=17 (full 4):
 PSYoungGen      total 415232K, used 87717K [0x00000000d5e00000, 0x00000000f5800000, 0x0000000100000000)
  eden space 333312K, 26% used [0x00000000d5e00000,0x00000000db3a97a0,0x00000000ea380000)
  from space 81920K, 0% used [0x00000000ef980000,0x00000000ef980000,0x00000000f4980000)
  to   space 88064K, 0% used [0x00000000ea380000,0x00000000ea380000,0x00000000ef980000)
 ParOldGen       total 188928K, used 27794K [0x0000000081a00000, 0x000000008d280000, 0x00000000d5e00000)
  object space 188928K, 14% used [0x0000000081a00000,0x0000000083524808,0x000000008d280000)
 Metaspace       used 64158K, capacity 67140K, committed 67288K, reserved 1107968K
  class space    used 8589K, capacity 9117K, committed 9216K, reserved 1048576K
Event: 205.471 GC heap after
Heap after GC invocations=17 (full 4):
 PSYoungGen      total 421376K, used 5051K [0x00000000d5e00000, 0x00000000f5800000, 0x0000000100000000)
  eden space 333312K, 0% used [0x00000000d5e00000,0x00000000d5e00000,0x00000000ea380000)
  from space 88064K, 5% used [0x00000000ea380000,0x00000000ea86efb0,0x00000000ef980000)
  to   space 81920K, 0% used [0x00000000ef980000,0x00000000ef980000,0x00000000f4980000)
 ParOldGen       total 188928K, used 27802K [0x0000000081a00000, 0x000000008d280000, 0x00000000d5e00000)
  object space 188928K, 14% used [0x0000000081a00000,0x0000000083526808,0x000000008d280000)
 Metaspace       used 64158K, capacity 67140K, committed 67288K, reserved 1107968K
  class space    used 8589K, capacity 9117K, committed 9216K, reserved 1048576K
}
Event: 205.471 GC heap before
{Heap before GC invocations=18 (full 5):
 PSYoungGen      total 421376K, used 5051K [0x00000000d5e00000, 0x00000000f5800000, 0x0000000100000000)
  eden space 333312K, 0% used [0x00000000d5e00000,0x00000000d5e00000,0x00000000ea380000)
  from space 88064K, 5% used [0x00000000ea380000,0x00000000ea86efb0,0x00000000ef980000)
  to   space 81920K, 0% used [0x00000000ef980000,0x00000000ef980000,0x00000000f4980000)
 ParOldGen       total 188928K, used 27802K [0x0000000081a00000, 0x000000008d280000, 0x00000000d5e00000)
  object space 188928K, 14% used [0x0000000081a00000,0x0000000083526808,0x000000008d280000)
 Metaspace       used 64158K, capacity 67140K, committed 67288K, reserved 1107968K
  class space    used 8589K, capacity 9117K, committed 9216K, reserved 1048576K
Event: 205.706 GC heap after
Heap after GC invocations=18 (full 5):
 PSYoungGen      total 421376K, used 0K [0x00000000d5e00000, 0x00000000f5800000, 0x0000000100000000)
  eden space 333312K, 0% used [0x00000000d5e00000,0x00000000d5e00000,0x00000000ea380000)
  from space 88064K, 0% used [0x00000000ea380000,0x00000000ea380000,0x00000000ef980000)
  to   space 81920K, 0% used [0x00000000ef980000,0x00000000ef980000,0x00000000f4980000)
 ParOldGen       total 188928K, used 25190K [0x0000000081a00000, 0x000000008d280000, 0x00000000d5e00000)
  object space 188928K, 13% used [0x0000000081a00000,0x00000000832999a0,0x000000008d280000)
 Metaspace       used 64158K, capacity 67140K, committed 67288K, reserved 1107968K
  class space    used 8589K, capacity 9117K, committed 9216K, reserved 1048576K
}

