# JRE version: Java(TM) SE Runtime Environment (8.0_92-b14) (build 1.8.0_92-b14)
# Java VM: Java HotSpot(TM) 64-Bit Server VM (25.92-b14 mixed mode windows-amd64 compressed oops)
Heap:
 PSYoungGen      total 327168K, used 210543K [0x00000000d5e00000, 0x00000000f8800000, 0x0000000100000000)
  eden space 269824K, 78% used [0x00000000d5e00000,0x00000000e2b9be00,0x00000000e6580000)
  from space 57344K, 0% used [0x00000000e6580000,0x00000000e6580000,0x00000000e9d80000)
  to   space 89600K, 0% used [0x00000000f3080000,0x00000000f3080000,0x00000000f8800000)
 ParOldGen       total 328192K, used 171861K [0x0000000081a00000, 0x0000000095a80000, 0x00000000d5e00000)
  object space 328192K, 52% used [0x0000000081a00000,0x000000008c1d5770,0x0000000095a80000)
 Metaspace       used 60178K, capacity 62992K, committed 63192K, reserved 1103872K
  class space    used 8105K, capacity 8584K, committed 8664K, reserved 1048576K
GC Heap History (10 events):
Event: 8.426 GC heap before
{Heap before GC invocations=11 (full 2):
 PSYoungGen      total 238080K, used 227840K [0x00000000d5e00000, 0x00000000e5600000, 0x0000000100000000)
  eden space 227840K, 100% used [0x00000000d5e00000,0x00000000e3c80000,0x00000000e3c80000)
  from space 10240K, 0% used [0x00000000e4c00000,0x00000000e4c00000,0x00000000e5600000)
  to   space 12800K, 0% used [0x00000000e3d00000,0x00000000e3d00000,0x00000000e4980000)
 ParOldGen       total 74752K, used 16784K [0x0000000081a00000, 0x0000000086300000, 0x00000000d5e00000)
  object space 74752K, 22% used [0x0000000081a00000,0x0000000082a643a8,0x0000000086300000)
 Metaspace       used 46507K, capacity 48246K, committed 48600K, reserved 1091584K
  class space    used 6146K, capacity 6513K, committed 6616K, reserved 1048576K
Event: 8.444 GC heap after
Heap after GC invocations=11 (full 2):
 PSYoungGen      total 241152K, used 12798K [0x00000000d5e00000, 0x00000000eac80000, 0x0000000100000000)
  eden space 228352K, 0% used [0x00000000d5e00000,0x00000000d5e00000,0x00000000e3d00000)
  from space 12800K, 99% used [0x00000000e3d00000,0x00000000e497fbc0,0x00000000e4980000)
  to   space 15360K, 0% used [0x00000000e9d80000,0x00000000e9d80000,0x00000000eac80000)
 ParOldGen       total 74752K, used 18181K [0x0000000081a00000, 0x0000000086300000, 0x00000000d5e00000)
  object space 74752K, 24% used [0x0000000081a00000,0x0000000082bc1400,0x0000000086300000)
 Metaspace       used 46507K, capacity 48246K, committed 48600K, reserved 1091584K
  class space    used 6146K, capacity 6513K, committed 6616K, reserved 1048576K
}
Event: 66.099 GC heap before
{Heap before GC invocations=12 (full 2):
 PSYoungGen      total 241152K, used 241150K [0x00000000d5e00000, 0x00000000eac80000, 0x0000000100000000)
  eden space 228352K, 100% used [0x00000000d5e00000,0x00000000e3d00000,0x00000000e3d00000)
  from space 12800K, 99% used [0x00000000e3d00000,0x00000000e497fbc0,0x00000000e4980000)
  to   space 15360K, 0% used [0x00000000e9d80000,0x00000000e9d80000,0x00000000eac80000)
 ParOldGen       total 74752K, used 18181K [0x0000000081a00000, 0x0000000086300000, 0x00000000d5e00000)
  object space 74752K, 24% used [0x0000000081a00000,0x0000000082bc1400,0x0000000086300000)
 Metaspace       used 51442K, capacity 53286K, committed 53720K, reserved 1095680K
  class space    used 6927K, capacity 7317K, committed 7384K, reserved 1048576K
Event: 66.239 GC heap after
Heap after GC invocations=12 (full 2):
 PSYoungGen      total 285184K, used 15340K [0x00000000d5e00000, 0x00000000ef700000, 0x0000000100000000)
  eden space 269824K, 0% used [0x00000000d5e00000,0x00000000d5e00000,0x00000000e6580000)
  from space 15360K, 99% used [0x00000000e9d80000,0x00000000eac7b348,0x00000000eac80000)
  to   space 57344K, 0% used [0x00000000e6580000,0x00000000e6580000,0x00000000e9d80000)
 ParOldGen       total 126464K, used 125962K [0x0000000081a00000, 0x0000000089580000, 0x00000000d5e00000)
  object space 126464K, 99% used [0x0000000081a00000,0x0000000089502860,0x0000000089580000)
 Metaspace       used 51442K, capacity 53286K, committed 53720K, reserved 1095680K
  class space    used 6927K, capacity 7317K, committed 7384K, reserved 1048576K
}
Event: 66.239 GC heap before
{Heap before GC invocations=13 (full 3):
 PSYoungGen      total 285184K, used 15340K [0x00000000d5e00000, 0x00000000ef700000, 0x0000000100000000)
  eden space 269824K, 0% used [0x00000000d5e00000,0x00000000d5e00000,0x00000000e6580000)
  from space 15360K, 99% used [0x00000000e9d80000,0x00000000eac7b348,0x00000000eac80000)
  to   space 57344K, 0% used [0x00000000e6580000,0x00000000e6580000,0x00000000e9d80000)
 ParOldGen       total 126464K, used 125962K [0x0000000081a00000, 0x0000000089580000, 0x00000000d5e00000)
  object space 126464K, 99% used [0x0000000081a00000,0x0000000089502860,0x0000000089580000)
 Metaspace       used 51442K, capacity 53286K, committed 53720K, reserved 1095680K
  class space    used 6927K, capacity 7317K, committed 7384K, reserved 1048576K
Event: 66.960 GC heap after
Heap after GC invocations=13 (full 3):
 PSYoungGen      total 285184K, used 8110K [0x00000000d5e00000, 0x00000000ef700000, 0x0000000100000000)
  eden space 269824K, 0% used [0x00000000d5e00000,0x00000000d5e00000,0x00000000e6580000)
  from space 15360K, 52% used [0x00000000e9d80000,0x00000000ea56b830,0x00000000eac80000)
  to   space 57344K, 0% used [0x00000000e6580000,0x00000000e6580000,0x00000000e9d80000)
 ParOldGen       total 237056K, used 126354K [0x0000000081a00000, 0x0000000090180000, 0x00000000d5e00000)
  object space 237056K, 53% used [0x0000000081a00000,0x0000000089564880,0x0000000090180000)
 Metaspace       used 51442K, capacity 53286K, committed 53720K, reserved 1095680K
  class space    used 6927K, capacity 7317K, committed 7384K, reserved 1048576K
}
Event: 67.617 GC heap before
{Heap before GC invocations=14 (full 3):
 PSYoungGen      total 285184K, used 277934K [0x00000000d5e00000, 0x00000000ef700000, 0x0000000100000000)
  eden space 269824K, 100% used [0x00000000d5e00000,0x00000000e6580000,0x00000000e6580000)
  from space 15360K, 52% used [0x00000000e9d80000,0x00000000ea56b830,0x00000000eac80000)
  to   space 57344K, 0% used [0x00000000e6580000,0x00000000e6580000,0x00000000e9d80000)
 ParOldGen       total 237056K, used 126354K [0x0000000081a00000, 0x0000000090180000, 0x00000000d5e00000)
  object space 237056K, 53% used [0x0000000081a00000,0x0000000089564880,0x0000000090180000)
 Metaspace       used 51460K, capacity 53286K, committed 53720K, reserved 1095680K
  class space    used 6931K, capacity 7317K, committed 7384K, reserved 1048576K
Event: 67.801 GC heap after
Heap after GC invocations=14 (full 3):
 PSYoungGen      total 327168K, used 57342K [0x00000000d5e00000, 0x00000000f8800000, 0x0000000100000000)
  eden space 269824K, 0% used [0x00000000d5e00000,0x00000000d5e00000,0x00000000e6580000)
  from space 57344K, 99% used [0x00000000e6580000,0x00000000e9d7fb58,0x00000000e9d80000)
  to   space 89600K, 0% used [0x00000000f3080000,0x00000000f3080000,0x00000000f8800000)
 ParOldGen       total 237056K, used 185474K [0x0000000081a00000, 0x0000000090180000, 0x00000000d5e00000)
  object space 237056K, 78% used [0x0000000081a00000,0x000000008cf20880,0x0000000090180000)
 Metaspace       used 51460K, capacity 53286K, committed 53720K, reserved 1095680K
  class space    used 6931K, capacity 7317K, committed 7384K, reserved 1048576K
}
Event: 67.801 GC heap before
{Heap before GC invocations=15 (full 4):
 PSYoungGen      total 327168K, used 57342K [0x00000000d5e00000, 0x00000000f8800000, 0x0000000100000000)
  eden space 269824K, 0% used [0x00000000d5e00000,0x00000000d5e00000,0x00000000e6580000)
  from space 57344K, 99% used [0x00000000e6580000,0x00000000e9d7fb58,0x00000000e9d80000)
  to   space 89600K, 0% used [0x00000000f3080000,0x00000000f3080000,0x00000000f8800000)
 ParOldGen       total 237056K, used 185474K [0x0000000081a00000, 0x0000000090180000, 0x00000000d5e00000)
  object space 237056K, 78% used [0x0000000081a00000,0x000000008cf20880,0x0000000090180000)
 Metaspace       used 51460K, capacity 53286K, committed 53720K, reserved 1095680K
  class space    used 6931K, capacity 7317K, committed 7384K, reserved 1048576K
Event: 68.664 GC heap after
Heap after GC invocations=15 (full 4):
 PSYoungGen      total 327168K, used 0K [0x00000000d5e00000, 0x00000000f8800000, 0x0000000100000000)
  eden space 269824K, 0% used [0x00000000d5e00000,0x00000000d5e00000,0x00000000e6580000)
  from space 57344K, 0% used [0x00000000e6580000,0x00000000e6580000,0x00000000e9d80000)
  to   space 89600K, 0% used [0x00000000f3080000,0x00000000f3080000,0x00000000f8800000)
 ParOldGen       total 328192K, used 171861K [0x0000000081a00000, 0x0000000095a80000, 0x00000000d5e00000)
  object space 328192K, 52% used [0x0000000081a00000,0x000000008c1d5770,0x0000000095a80000)
 Metaspace       used 51460K, capacity 53286K, committed 53720K, reserved 1095680K
  class space    used 6931K, capacity 7317K, committed 7384K, reserved 1048576K
}

